<?xml version="1.0" encoding="UTF-8"?>
<!-- Generated by org.testng.reporters.JUnitXMLReporter -->
<testsuite ignored="0" hostname="USER" failures="0" tests="6" name="Default test" time="255.739" errors="0" timestamp="2023-06-22T10:59:42 IST">
  <testcase classname="com.trello.Project.endtoend.TrelloBoard" name="LoginInToTrello" time="36.269"/>
  <testcase classname="com.trello.Project.endtoend.TrelloBoard" name="TrelloCreateAndDeleteBoard" time="63.531"/>
  <testcase classname="com.trello.Project.endtoend.TrelloBoard" name="TrelloCreateListAndSwapInCreatedBoard" time="46.709"/>
  <testcase classname="com.trello.Project.endtoend.TrelloBoard" name="TrelloCreateMultipleListAndSwapInCreatedBoard" time="40.617"/>
  <testcase classname="com.trello.Project.endtoend.TrelloBoard" name="TrelloHomePageCheck" time="0.024"/>
  <testcase classname="com.trello.Project.endtoend.TrelloBoard" name="TrelloHomePagelogin" time="2.689"/>
</testsuite> <!-- Default test -->
